[debug] [2021-07-02T13:31:20.751Z] ----------------------------------------------------------------------
[debug] [2021-07-02T13:31:20.755Z] Command:       C:\Program Files\nodejs\node.exe C:\Users\Avengers\AppData\Roaming\npm\node_modules\firebase-tools\lib\bin\firebase.js init
[debug] [2021-07-02T13:31:20.756Z] CLI Version:   9.14.0
[debug] [2021-07-02T13:31:20.756Z] Platform:      win32
[debug] [2021-07-02T13:31:20.756Z] Node Version:  v14.17.1
[debug] [2021-07-02T13:31:20.759Z] Time:          Fri Jul 02 2021 19:01:20 GMT+0530 (India Standard Time)
[debug] [2021-07-02T13:31:20.759Z] ----------------------------------------------------------------------
[debug] 
[debug] [2021-07-02T13:31:20.776Z] > command requires scopes: ["email","openid","https://www.googleapis.com/auth/cloudplatformprojects.readonly","https://www.googleapis.com/auth/firebase","https://www.googleapis.com/auth/cloud-platform"]
[debug] [2021-07-02T13:31:20.777Z] > authorizing via signed-in user (amanmullaofficial@gmail.com)
[info] 
     ######## #### ########  ######## ########     ###     ######  ########
     ##        ##  ##     ## ##       ##     ##  ##   ##  ##       ##
     ######    ##  ########  ######   ########  #########  ######  ######
     ##        ##  ##    ##  ##       ##     ## ##     ##       ## ##
     ##       #### ##     ## ######## ########  ##     ##  ######  ########

You're about to initialize a Firebase project in this directory:

  E:\MY_portfolio\portfolio

Before we get started, keep in mind:

  * You are initializing within an existing Firebase project directory

[info] 
=== Project Setup
[info] 
[info] First, let's associate this project directory with a Firebase project.
[info] You can create multiple project aliases by running firebase use --add, 
[info] but for now we'll just set up a default project.
[info] 
[info] i  .firebaserc already has a default project, using amanmulla-814a1. 
[debug] [2021-07-02T13:31:28.492Z] >>> [apiv2][query] GET https://firebase.googleapis.com/v1beta1/projects/amanmulla-814a1 [none]
[debug] [2021-07-02T13:31:29.202Z] <<< [apiv2][status] GET https://firebase.googleapis.com/v1beta1/projects/amanmulla-814a1 200
[debug] [2021-07-02T13:31:29.203Z] <<< [apiv2][body] GET https://firebase.googleapis.com/v1beta1/projects/amanmulla-814a1 {"projectId":"amanmulla-814a1","projectNumber":"305041846641","displayName":"AMANMULLA","name":"projects/amanmulla-814a1","resources":{"hostingSite":"amanmulla-814a1"},"state":"ACTIVE"}
[info] 
=== Hosting:github Setup
[info] 
[info] i  Didn't detect a .git folder. Assuming E:\MY_portfolio\portfolio is the project root. 
[info] i  Authorizing with GitHub to upload your service account to a GitHub repository's secrets store. 
[info] 
[info] Visit this URL on this device to log in:
[info] https://github.com/login/oauth/authorize?client_id=89cf50f02ac6aaed3484&state=684894509&redirect_uri=http%3A%2F%2Flocalhost%3A9005&scope=read%3Auser%20repo%20public_repo
[info] 
[info] Waiting for authentication...
[debug] [2021-07-02T13:31:37.924Z] >>> HTTP REQUEST POST https://github.com/login/oauth/access_token  
 {"client_id":"89cf50f02ac6aaed3484","client_secret":"3330d14abc895d9a74d5f17cd7a00711fa2c5bf0","code":"3baf083598df378346fb","redirect_uri":"http://localhost:9005","state":"684894509"}
[debug] [2021-07-02T13:31:38.678Z] <<< HTTP RESPONSE 200 {"server":"GitHub.com","date":"Fri, 02 Jul 2021 13:31:36 GMT","content-type":"application/json; charset=utf-8","transfer-encoding":"chunked","vary":"X-PJAX, Accept-Encoding, Accept, X-Requested-With","permissions-policy":"interest-cohort=()","etag":"W/\"1e75017dcee430655d3292e06c4c2e90\"","cache-control":"max-age=0, private, must-revalidate","strict-transport-security":"max-age=31536000; includeSubdomains; preload","x-frame-options":"deny","x-content-type-options":"nosniff","x-xss-protection":"0","referrer-policy":"origin-when-cross-origin, strict-origin-when-cross-origin","expect-ct":"max-age=2592000, report-uri=\"https://api.github.com/_private/browser/errors\"","content-security-policy":"default-src 'none'; base-uri 'self'; block-all-mixed-content; connect-src 'self' uploads.github.com www.githubstatus.com collector.githubapp.com api.github.com github-cloud.s3.amazonaws.com github-production-repository-file-5c1aeb.s3.amazonaws.com github-production-upload-manifest-file-7fdce7.s3.amazonaws.com github-production-user-asset-6210df.s3.amazonaws.com cdn.optimizely.com logx.optimizely.com/v1/events translator.github.com wss://alive.github.com; font-src github.githubassets.com; form-action 'self' github.com gist.github.com; frame-ancestors 'none'; frame-src render.githubusercontent.com render-temp.githubusercontent.com viewscreen.githubusercontent.com; img-src 'self' data: github.githubassets.com identicons.github.com collector.githubapp.com github-cloud.s3.amazonaws.com secured-user-images.githubusercontent.com/ *.githubusercontent.com; manifest-src 'self'; media-src 'none'; script-src github.githubassets.com; style-src 'unsafe-inline' github.githubassets.com; worker-src github.com/socket-worker-3f088aa2.js gist.github.com/socket-worker-3f088aa2.js","x-github-request-id":"F582:05A5:6C5E35:73DCD2:60DF1537"}
[debug] [2021-07-02T13:31:38.695Z] >>> [apiv2][query] GET https://api.github.com/user [none]
[debug] [2021-07-02T13:31:39.362Z] <<< [apiv2][status] GET https://api.github.com/user 200
[debug] [2021-07-02T13:31:39.362Z] <<< [apiv2][body] GET https://api.github.com/user {"login":"webDev-aman","id":60893238,"node_id":"MDQ6VXNlcjYwODkzMjM4","avatar_url":"https://avatars.githubusercontent.com/u/60893238?v=4","gravatar_id":"","url":"https://api.github.com/users/webDev-aman","html_url":"https://github.com/webDev-aman","followers_url":"https://api.github.com/users/webDev-aman/followers","following_url":"https://api.github.com/users/webDev-aman/following{/other_user}","gists_url":"https://api.github.com/users/webDev-aman/gists{/gist_id}","starred_url":"https://api.github.com/users/webDev-aman/starred{/owner}{/repo}","subscriptions_url":"https://api.github.com/users/webDev-aman/subscriptions","organizations_url":"https://api.github.com/users/webDev-aman/orgs","repos_url":"https://api.github.com/users/webDev-aman/repos","events_url":"https://api.github.com/users/webDev-aman/events{/privacy}","received_events_url":"https://api.github.com/users/webDev-aman/received_events","type":"User","site_admin":false,"name":"aman","company":"MAHA CYBER TROOPS","blog":"mahacybertroops.c1.biz","location":null,"email":"amanmullaofficial@gmail.com","hireable":true,"bio":"Ethical Hacker","twitter_username":null,"public_repos":5,"public_gists":0,"followers":2,"following":6,"created_at":"2020-02-10T17:23:19Z","updated_at":"2021-07-02T13:31:34Z","private_gists":0,"total_private_repos":0,"owned_private_repos":0,"disk_usage":4354,"collaborators":0,"two_factor_authentication":false,"plan":{"name":"pro","space":976562499,"collaborators":0,"private_repos":9999}}
[info] 
[info] +  Success! Logged into GitHub as webDev-aman 
[info] 
[debug] [2021-07-02T13:31:48.978Z] >>> [apiv2][query] GET https://api.github.com/repos//actions/secrets/public-key type=owner
[debug] [2021-07-02T13:31:49.508Z] <<< [apiv2][status] GET https://api.github.com/repos//actions/secrets/public-key 404
[debug] [2021-07-02T13:31:49.509Z] <<< [apiv2][body] GET https://api.github.com/repos//actions/secrets/public-key {"message":"Not Found","documentation_url":"https://docs.github.com/rest"}
[debug] [2021-07-02T13:31:50.785Z] >>> [apiv2][query] GET https://api.github.com/repos//actions/secrets/public-key type=owner
[debug] [2021-07-02T13:31:51.178Z] <<< [apiv2][status] GET https://api.github.com/repos//actions/secrets/public-key 404
[debug] [2021-07-02T13:31:51.178Z] <<< [apiv2][body] GET https://api.github.com/repos//actions/secrets/public-key {"message":"Not Found","documentation_url":"https://docs.github.com/rest"}
[debug] [2021-07-02T13:32:03.023Z] ----------------------------------------------------------------------
[debug] [2021-07-02T13:32:03.027Z] Command:       C:\Program Files\nodejs\node.exe C:\Users\Avengers\AppData\Roaming\npm\node_modules\firebase-tools\lib\bin\firebase.js init
[debug] [2021-07-02T13:32:03.028Z] CLI Version:   9.14.0
[debug] [2021-07-02T13:32:03.028Z] Platform:      win32
[debug] [2021-07-02T13:32:03.028Z] Node Version:  v14.17.1
[debug] [2021-07-02T13:32:03.030Z] Time:          Fri Jul 02 2021 19:02:03 GMT+0530 (India Standard Time)
[debug] [2021-07-02T13:32:03.030Z] ----------------------------------------------------------------------
[debug] 
[debug] [2021-07-02T13:32:03.048Z] > command requires scopes: ["email","openid","https://www.googleapis.com/auth/cloudplatformprojects.readonly","https://www.googleapis.com/auth/firebase","https://www.googleapis.com/auth/cloud-platform"]
[debug] [2021-07-02T13:32:03.049Z] > authorizing via signed-in user (amanmullaofficial@gmail.com)
[info] 
     ######## #### ########  ######## ########     ###     ######  ########
     ##        ##  ##     ## ##       ##     ##  ##   ##  ##       ##
     ######    ##  ########  ######   ########  #########  ######  ######
     ##        ##  ##    ##  ##       ##     ## ##     ##       ## ##
     ##       #### ##     ## ######## ########  ##     ##  ######  ########

You're about to initialize a Firebase project in this directory:

  E:\MY_portfolio\portfolio

Before we get started, keep in mind:

  * You are initializing within an existing Firebase project directory

[info] 
=== Project Setup
[info] 
[info] First, let's associate this project directory with a Firebase project.
[info] You can create multiple project aliases by running firebase use --add, 
[info] but for now we'll just set up a default project.
[info] 
[info] i  .firebaserc already has a default project, using amanmulla-814a1. 
[debug] [2021-07-02T13:32:16.065Z] >>> [apiv2][query] GET https://firebase.googleapis.com/v1beta1/projects/amanmulla-814a1 [none]
[debug] [2021-07-02T13:32:16.642Z] <<< [apiv2][status] GET https://firebase.googleapis.com/v1beta1/projects/amanmulla-814a1 200
[debug] [2021-07-02T13:32:16.642Z] <<< [apiv2][body] GET https://firebase.googleapis.com/v1beta1/projects/amanmulla-814a1 {"projectId":"amanmulla-814a1","projectNumber":"305041846641","displayName":"AMANMULLA","name":"projects/amanmulla-814a1","resources":{"hostingSite":"amanmulla-814a1"},"state":"ACTIVE"}
[info] 
=== Hosting Setup
[info] 
[info] Your public directory is the folder (relative to your project directory) that
[info] will contain Hosting assets to be uploaded with firebase deploy. If you
[info] have a build process for your assets, use your build's output directory.
[info] 
[debug] [2021-07-02T13:32:26.207Z] >>> [apiv2][query] GET https://www.gstatic.com/firebasejs/releases.json [none]
[debug] [2021-07-02T13:32:26.602Z] <<< [apiv2][status] GET https://www.gstatic.com/firebasejs/releases.json 200
[debug] [2021-07-02T13:32:26.602Z] <<< [apiv2][body] GET https://www.gstatic.com/firebasejs/releases.json {"current":{"version":"8.7.0","browserURL":"https://www.gstatic.com/firebasejs/8.7.0/firebase.js","packageURL":"https://www.gstatic.com/firebasejs/8.7.0/firebase.tgz"},"live":{"version":"8.7","browserURL":"https://www.gstatic.com/firebasejs/live/8.7/firebase.js","packageURL":"https://www.gstatic.com/firebasejs/live/8.7/firebase.tgz"},"components":{"analytics":"https://www.gstatic.com/firebasejs/8.7.0/firebase-analytics.js","app":"https://www.gstatic.com/firebasejs/8.7.0/firebase-app.js","app-check":"https://www.gstatic.com/firebasejs/8.7.0/firebase-app-check.js","auth":"https://www.gstatic.com/firebasejs/8.7.0/firebase-auth.js","database":"https://www.gstatic.com/firebasejs/8.7.0/firebase-database.js","firestore":"https://www.gstatic.com/firebasejs/8.7.0/firebase-firestore.js","functions":"https://www.gstatic.com/firebasejs/8.7.0/firebase-functions.js","installations":"https://www.gstatic.com/firebasejs/8.7.0/firebase-installations.js","messaging":"https://www.gstatic.com/firebasejs/8.7.0/firebase-messaging.js","storage":"https://www.gstatic.com/firebasejs/8.7.0/firebase-storage.js","performance":"https://www.gstatic.com/firebasejs/8.7.0/firebase-performance.js","remote-config":"https://www.gstatic.com/firebasejs/8.7.0/firebase-remote-config.js","firestore.memory":"https://www.gstatic.com/firebasejs/8.7.0/firebase-firestore.memory.js"}}
[info] +  Wrote y/index.html 
[info] 
[info] i  Didn't detect a .git folder. Assuming E:\MY_portfolio\portfolio is the project root. 
[info] i  Authorizing with GitHub to upload your service account to a GitHub repository's secrets store. 
[info] 
[info] Visit this URL on this device to log in:
[info] https://github.com/login/oauth/authorize?client_id=89cf50f02ac6aaed3484&state=845595150&redirect_uri=http%3A%2F%2Flocalhost%3A9005&scope=read%3Auser%20repo%20public_repo
[info] 
[info] Waiting for authentication...
[debug] [2021-07-02T13:32:34.002Z] >>> HTTP REQUEST POST https://github.com/login/oauth/access_token  
 {"client_id":"89cf50f02ac6aaed3484","client_secret":"3330d14abc895d9a74d5f17cd7a00711fa2c5bf0","code":"e7fafd7788e432682550","redirect_uri":"http://localhost:9005","state":"845595150"}
[debug] [2021-07-02T13:32:34.568Z] <<< HTTP RESPONSE 200 {"server":"GitHub.com","date":"Fri, 02 Jul 2021 13:32:31 GMT","content-type":"application/json; charset=utf-8","transfer-encoding":"chunked","vary":"X-PJAX, Accept-Encoding, Accept, X-Requested-With","permissions-policy":"interest-cohort=()","etag":"W/\"3504f7440c085d249526d4d198bf23b8\"","cache-control":"max-age=0, private, must-revalidate","strict-transport-security":"max-age=31536000; includeSubdomains; preload","x-frame-options":"deny","x-content-type-options":"nosniff","x-xss-protection":"0","referrer-policy":"origin-when-cross-origin, strict-origin-when-cross-origin","expect-ct":"max-age=2592000, report-uri=\"https://api.github.com/_private/browser/errors\"","content-security-policy":"default-src 'none'; base-uri 'self'; block-all-mixed-content; connect-src 'self' uploads.github.com www.githubstatus.com collector.githubapp.com api.github.com github-cloud.s3.amazonaws.com github-production-repository-file-5c1aeb.s3.amazonaws.com github-production-upload-manifest-file-7fdce7.s3.amazonaws.com github-production-user-asset-6210df.s3.amazonaws.com cdn.optimizely.com logx.optimizely.com/v1/events translator.github.com wss://alive.github.com; font-src github.githubassets.com; form-action 'self' github.com gist.github.com; frame-ancestors 'none'; frame-src render.githubusercontent.com render-temp.githubusercontent.com viewscreen.githubusercontent.com; img-src 'self' data: github.githubassets.com identicons.github.com collector.githubapp.com github-cloud.s3.amazonaws.com secured-user-images.githubusercontent.com/ *.githubusercontent.com; manifest-src 'self'; media-src 'none'; script-src github.githubassets.com; style-src 'unsafe-inline' github.githubassets.com; worker-src github.com/socket-worker-3f088aa2.js gist.github.com/socket-worker-3f088aa2.js","x-github-request-id":"F58C:6C10:1BBEDB:2F2282:60DF156F"}
[debug] [2021-07-02T13:32:34.580Z] >>> [apiv2][query] GET https://api.github.com/user [none]
[debug] [2021-07-02T13:32:35.121Z] <<< [apiv2][status] GET https://api.github.com/user 200
[debug] [2021-07-02T13:32:35.121Z] <<< [apiv2][body] GET https://api.github.com/user {"login":"webDev-aman","id":60893238,"node_id":"MDQ6VXNlcjYwODkzMjM4","avatar_url":"https://avatars.githubusercontent.com/u/60893238?v=4","gravatar_id":"","url":"https://api.github.com/users/webDev-aman","html_url":"https://github.com/webDev-aman","followers_url":"https://api.github.com/users/webDev-aman/followers","following_url":"https://api.github.com/users/webDev-aman/following{/other_user}","gists_url":"https://api.github.com/users/webDev-aman/gists{/gist_id}","starred_url":"https://api.github.com/users/webDev-aman/starred{/owner}{/repo}","subscriptions_url":"https://api.github.com/users/webDev-aman/subscriptions","organizations_url":"https://api.github.com/users/webDev-aman/orgs","repos_url":"https://api.github.com/users/webDev-aman/repos","events_url":"https://api.github.com/users/webDev-aman/events{/privacy}","received_events_url":"https://api.github.com/users/webDev-aman/received_events","type":"User","site_admin":false,"name":"aman","company":"MAHA CYBER TROOPS","blog":"mahacybertroops.c1.biz","location":null,"email":"amanmullaofficial@gmail.com","hireable":true,"bio":"Ethical Hacker","twitter_username":null,"public_repos":5,"public_gists":0,"followers":2,"following":6,"created_at":"2020-02-10T17:23:19Z","updated_at":"2021-07-02T13:31:34Z","private_gists":0,"total_private_repos":0,"owned_private_repos":0,"disk_usage":4354,"collaborators":0,"two_factor_authentication":false,"plan":{"name":"pro","space":976562499,"collaborators":0,"private_repos":9999}}
[info] 
[info] +  Success! Logged into GitHub as webDev-aman 
[info] 
[debug] [2021-07-02T13:32:54.142Z] >>> [apiv2][query] GET https://api.github.com/repos/webDev-aman demo1/actions/secrets/public-key type=owner
[debug] [2021-07-02T13:32:54.673Z] <<< [apiv2][status] GET https://api.github.com/repos/webDev-aman demo1/actions/secrets/public-key 404
[debug] [2021-07-02T13:32:54.674Z] <<< [apiv2][body] GET https://api.github.com/repos/webDev-aman demo1/actions/secrets/public-key {"message":"Not Found","documentation_url":"https://docs.github.com/rest"}
